Base path: C:/Program Files/Unity/Editor/Data
Pipe name: \\.\pipe\UnityShaderCompiler-64bit-1-7728
Cmd: getPlatforms
Cmd: preprocess
  insize=1806 outsize=1899 ok=1
Cmd: compileSnippet
  api=4 type=0 insize=8161 outsize=4044 kw=DIRECTIONAL SHADOWS_OFF LIGHTMAP_OFF DIRLIGHTMAP_OFF DYNAMICLIGHTMAP_OFF pd= ok=1
Cmd: compileSnippet
  api=4 type=1 insize=8161 outsize=1363 kw=DIRECTIONAL SHADOWS_OFF LIGHTMAP_OFF DIRLIGHTMAP_OFF DYNAMICLIGHTMAP_OFF pd= ok=1
Cmd: compileSnippet
  api=4 type=0 insize=4886 outsize=3134 kw=POINT pd= ok=1
Cmd: compileSnippet
  api=4 type=1 insize=4886 outsize=1997 kw=POINT pd= ok=1
Cmd: compileSnippet
  api=4 type=0 insize=4093 outsize=2915 kw= pd= ok=1
Cmd: compileSnippet
  api=4 type=1 insize=4093 outsize=746 kw= pd= ok=1
Cmd: compileSnippet
  api=4 type=0 insize=7154 outsize=4459 kw=LIGHTMAP_OFF DIRLIGHTMAP_OFF DYNAMICLIGHTMAP_OFF HDR_LIGHT_PREPASS_OFF pd= ok=1
Cmd: compileSnippet
  api=4 type=1 insize=7154 outsize=1412 kw=LIGHTMAP_OFF DIRLIGHTMAP_OFF DYNAMICLIGHTMAP_OFF HDR_LIGHT_PREPASS_OFF pd= ok=1
Cmd: compileSnippet
  api=4 type=0 insize=7030 outsize=4183 kw=LIGHTMAP_OFF DIRLIGHTMAP_OFF DYNAMICLIGHTMAP_OFF HDR_LIGHT_PREPASS_OFF pd= ok=1
Cmd: compileSnippet
  api=4 type=1 insize=7030 outsize=1696 kw=LIGHTMAP_OFF DIRLIGHTMAP_OFF DYNAMICLIGHTMAP_OFF HDR_LIGHT_PREPASS_OFF pd= ok=1
Cmd: compileSnippet
  api=4 type=0 insize=4284 outsize=2866 kw= pd= ok=1
Cmd: compileSnippet
  api=4 type=1 insize=4284 outsize=1363 kw= pd= ok=1
Cmd: preprocess
  insize=1806 outsize=1899 ok=1
Cmd: compileSnippet
  api=4 type=0 insize=751 outsize=3776 kw=SHADOWS_DEPTH _ALPHAPREMULTIPLY_ON pd= ok=1
Cmd: compileSnippet
  api=4 type=1 insize=751 outsize=1233 kw=SHADOWS_DEPTH _ALPHAPREMULTIPLY_ON pd= ok=1
Cmd: compileSnippet
  api=4 type=0 insize=982 outsize=3979 kw=DIRECTIONAL SHADOWS_OFF LIGHTMAP_OFF DIRLIGHTMAP_OFF DYNAMICLIGHTMAP_OFF _ALPHAPREMULTIPLY_ON pd= ok=1
Cmd: compileSnippet
  api=4 type=1 insize=982 outsize=10650 kw=DIRECTIONAL SHADOWS_OFF LIGHTMAP_OFF DIRLIGHTMAP_OFF DYNAMICLIGHTMAP_OFF _ALPHAPREMULTIPLY_ON pd= ok=1
Cmd: compileSnippet
  api=4 type=0 insize=938 outsize=4101 kw=DIRECTIONAL SHADOWS_OFF _ALPHAPREMULTIPLY_ON pd= ok=1
Cmd: compileSnippet
  api=4 type=1 insize=938 outsize=5669 kw=DIRECTIONAL SHADOWS_OFF _ALPHAPREMULTIPLY_ON pd= ok=1
Cmd: compileSnippet
  api=4 type=0 insize=4886 outsize=3134 kw=DIRECTIONAL pd= ok=1
Cmd: compileSnippet
  api=4 type=1 insize=4886 outsize=1217 kw=DIRECTIONAL pd= ok=1
Cmd: compileSnippet
  api=4 type=0 insize=14582 outsize=3825 kw=DIRECTIONAL SHADOWS_OFF LIGHTMAP_OFF DIRLIGHTMAP_OFF DYNAMICLIGHTMAP_OFF pd= ok=1
Cmd: compileSnippet
  api=4 type=1 insize=14582 outsize=1436 kw=DIRECTIONAL SHADOWS_OFF LIGHTMAP_OFF DIRLIGHTMAP_OFF DYNAMICLIGHTMAP_OFF pd= ok=1
Cmd: compileSnippet
  api=4 type=0 insize=8058 outsize=2915 kw=DIRECTIONAL pd= ok=1
Cmd: compileSnippet
  api=4 type=1 insize=8058 outsize=1290 kw=DIRECTIONAL pd= ok=1
